# Logfile created on 2014-02-13 15:49:28 -0200 by logger.rb/44203
I, [2014-02-13T15:49:28.109579 #81101]  INFO -- : 0:  diff-lcs (1.2.5) from /Users/tadeu/.rvm/gems/ruby-2.1.0/specifications/diff-lcs-1.2.5.gemspec
I, [2014-02-13T15:49:34.856222 #81101]  INFO -- : 0:  rspec-core (2.14.7) from /Users/tadeu/.rvm/gems/ruby-2.1.0/specifications/rspec-core-2.14.7.gemspec
I, [2014-02-13T15:49:38.718280 #81101]  INFO -- : 0:  rspec-expectations (2.14.5) from /Users/tadeu/.rvm/gems/ruby-2.1.0/specifications/rspec-expectations-2.14.5.gemspec
I, [2014-02-13T15:49:42.292239 #81101]  INFO -- : 0:  rspec-mocks (2.14.5) from /Users/tadeu/.rvm/gems/ruby-2.1.0/specifications/rspec-mocks-2.14.5.gemspec
I, [2014-02-13T15:49:44.732243 #81101]  INFO -- : 0:  rspec (2.14.1) from /Users/tadeu/.rvm/gems/ruby-2.1.0/specifications/rspec-2.14.1.gemspec
I, [2014-02-13T15:49:44.732780 #81101]  INFO -- : 0:  bundler (1.5.1) from /Users/tadeu/.rvm/gems/ruby-2.1.0@global/specifications/bundler-1.5.1.gemspec
I, [2014-02-13T18:37:12.043206 #25168]  INFO -- : 0:  timers (1.1.0) from /Users/tadeu/.rvm/gems/ruby-2.1.0/specifications/timers-1.1.0.gemspec
I, [2014-02-13T18:37:15.313579 #25168]  INFO -- : 0:  celluloid (0.15.2) from /Users/tadeu/.rvm/gems/ruby-2.1.0/specifications/celluloid-0.15.2.gemspec
I, [2014-02-13T18:37:19.923287 #25168]  INFO -- : 0:  nio4r (1.0.0) from /Users/tadeu/.rvm/gems/ruby-2.1.0/specifications/nio4r-1.0.0.gemspec
I, [2014-02-13T18:37:23.143690 #25168]  INFO -- : 0:  celluloid-io (0.15.0) from /Users/tadeu/.rvm/gems/ruby-2.1.0/specifications/celluloid-io-0.15.0.gemspec
I, [2014-02-13T18:37:27.092038 #25168]  INFO -- : 0:  coderay (1.1.0) from /Users/tadeu/.rvm/gems/ruby-2.1.0/specifications/coderay-1.1.0.gemspec
I, [2014-02-13T18:37:27.092722 #25168]  INFO -- : 0:  diff-lcs (1.2.5) from /Users/tadeu/.rvm/gems/ruby-2.1.0/specifications/diff-lcs-1.2.5.gemspec
I, [2014-02-13T18:37:36.500284 #25168]  INFO -- : 0:  ffi (1.9.3) from /Users/tadeu/.rvm/gems/ruby-2.1.0/specifications/ffi-1.9.3.gemspec
I, [2014-02-13T18:37:39.335346 #25168]  INFO -- : 0:  formatador (0.2.4) from /Users/tadeu/.rvm/gems/ruby-2.1.0/specifications/formatador-0.2.4.gemspec
I, [2014-02-13T18:37:42.917965 #25168]  INFO -- : 0:  rb-fsevent (0.9.4) from /Users/tadeu/.rvm/gems/ruby-2.1.0/specifications/rb-fsevent-0.9.4.gemspec
I, [2014-02-13T18:37:45.939998 #25168]  INFO -- : 0:  rb-inotify (0.9.3) from /Users/tadeu/.rvm/gems/ruby-2.1.0/specifications/rb-inotify-0.9.3.gemspec
I, [2014-02-13T18:37:48.535894 #25168]  INFO -- : 0:  listen (2.5.0) from /Users/tadeu/.rvm/gems/ruby-2.1.0/specifications/listen-2.5.0.gemspec
I, [2014-02-13T18:37:51.268892 #25168]  INFO -- : 0:  lumberjack (1.0.4) from /Users/tadeu/.rvm/gems/ruby-2.1.0/specifications/lumberjack-1.0.4.gemspec
I, [2014-02-13T18:37:54.225369 #25168]  INFO -- : 0:  method_source (0.8.2) from /Users/tadeu/.rvm/gems/ruby-2.1.0/specifications/method_source-0.8.2.gemspec
I, [2014-02-13T18:37:54.225985 #25168]  INFO -- : 0:  slop (3.4.7) from /Users/tadeu/.rvm/gems/ruby-2.1.0/specifications/slop-3.4.7.gemspec
I, [2014-02-13T18:37:58.130070 #25168]  INFO -- : 0:  pry (0.9.12.6) from /Users/tadeu/.rvm/gems/ruby-2.1.0/specifications/pry-0.9.12.6.gemspec
I, [2014-02-13T18:37:58.130592 #25168]  INFO -- : 0:  thor (0.18.1) from /Users/tadeu/.rvm/gems/ruby-2.1.0/specifications/thor-0.18.1.gemspec
I, [2014-02-13T18:38:01.989424 #25168]  INFO -- : 0:  guard (2.4.0) from /Users/tadeu/.rvm/gems/ruby-2.1.0/specifications/guard-2.4.0.gemspec
I, [2014-02-13T18:38:01.989978 #25168]  INFO -- : 0:  rspec-core (2.14.7) from /Users/tadeu/.rvm/gems/ruby-2.1.0/specifications/rspec-core-2.14.7.gemspec
I, [2014-02-13T18:38:01.990342 #25168]  INFO -- : 0:  rspec-expectations (2.14.5) from /Users/tadeu/.rvm/gems/ruby-2.1.0/specifications/rspec-expectations-2.14.5.gemspec
I, [2014-02-13T18:38:01.990671 #25168]  INFO -- : 0:  rspec-mocks (2.14.5) from /Users/tadeu/.rvm/gems/ruby-2.1.0/specifications/rspec-mocks-2.14.5.gemspec
I, [2014-02-13T18:38:01.990965 #25168]  INFO -- : 0:  rspec (2.14.1) from /Users/tadeu/.rvm/gems/ruby-2.1.0/specifications/rspec-2.14.1.gemspec
I, [2014-02-13T18:38:05.009323 #25168]  INFO -- : 0:  guard-rspec (4.2.6) from /Users/tadeu/.rvm/gems/ruby-2.1.0/specifications/guard-rspec-4.2.6.gemspec
I, [2014-02-13T18:38:05.009883 #25168]  INFO -- : 0:  bundler (1.5.1) from /Users/tadeu/.rvm/gems/ruby-2.1.0@global/specifications/bundler-1.5.1.gemspec
